\BOOKMARK [1][-]{section.1}{\376\377\000C\000h\000a\000p\000t\000e\000r\000\040\0002\000:\000\040\000T\000o\000p\000o\000l\000o\000g\000i\000c\000a\000l\000\040\000S\000p\000a\000c\000e\000s}{}% 1
\BOOKMARK [2][-]{subsection.1.1}{\376\377\000T\000o\000p\000o\000l\000o\000g\000i\000e\000s}{section.1}% 2
\BOOKMARK [3][-]{subsubsection.1.1.1}{\376\377\000C\000l\000o\000s\000e\000d\000\040\000s\000u\000b\000s\000e\000t\000s}{subsection.1.1}% 3
\BOOKMARK [2][-]{subsection.1.2}{\376\377\000C\000o\000n\000v\000e\000r\000g\000e\000n\000c\000e\000\040\000a\000n\000d\000\040\000C\000o\000n\000t\000i\000n\000u\000i\000t\000y}{section.1}% 4
\BOOKMARK [2][-]{subsection.1.3}{\376\377\000H\000a\000u\000s\000d\000o\000r\000f\000f\000\040\000S\000p\000a\000c\000e\000s}{section.1}% 5
\BOOKMARK [2][-]{subsection.1.4}{\376\377\000B\000a\000s\000e\000s\000\040\000a\000n\000d\000\040\000C\000o\000u\000n\000t\000a\000b\000i\000l\000i\000t\000y}{section.1}% 6
\BOOKMARK [2][-]{subsection.1.5}{\376\377\000M\000a\000n\000i\000f\000o\000l\000d\000s}{section.1}% 7
\BOOKMARK [1][-]{section.2}{\376\377\000C\000h\000a\000p\000t\000e\000r\000\040\0003\000:\000\040\000N\000e\000w\000\040\000S\000p\000a\000c\000e\000s\000\040\000f\000r\000o\000m\000\040\000O\000l\000d}{}% 8
\BOOKMARK [2][-]{subsection.2.1}{\376\377\000S\000u\000b\000s\000p\000a\000c\000e\000s}{section.2}% 9
\BOOKMARK [3][-]{subsubsection.2.1.1}{\376\377\000T\000o\000p\000o\000l\000o\000g\000i\000c\000a\000l\000\040\000E\000m\000b\000e\000d\000d\000i\000n\000g\000s}{subsection.2.1}% 10
\BOOKMARK [2][-]{subsection.2.2}{\376\377\000P\000r\000o\000d\000u\000c\000t\000\040\000S\000p\000a\000c\000e\000s}{section.2}% 11
\BOOKMARK [3][-]{subsubsection.2.2.1}{\376\377\000I\000n\000f\000i\000n\000i\000t\000e\000\040\000P\000r\000o\000d\000u\000c\000t\000s}{subsection.2.2}% 12
\BOOKMARK [2][-]{subsection.2.3}{\376\377\000D\000i\000s\000j\000o\000i\000n\000t\000\040\000U\000n\000i\000o\000n\000\040\000S\000p\000a\000c\000e\000s}{section.2}% 13
\BOOKMARK [2][-]{subsection.2.4}{\376\377\000Q\000u\000o\000t\000i\000e\000n\000t\000\040\000S\000p\000a\000c\000e\000s}{section.2}% 14
\BOOKMARK [3][-]{subsubsection.2.4.1}{\376\377\000R\000e\000c\000o\000g\000n\000i\000z\000i\000n\000g\000\040\000Q\000u\000o\000t\000i\000e\000n\000t\000\040\000M\000a\000p\000s\000\040\000B\000e\000t\000w\000e\000e\000n\000\040\000K\000n\000o\000w\000n\000\040\000S\000p\000a\000c\000e\000s}{subsection.2.4}% 15
\BOOKMARK [3][-]{subsubsection.2.4.2}{\376\377\000T\000h\000e\000\040\000C\000h\000a\000r\000a\000c\000t\000e\000r\000i\000s\000t\000i\000c\000\040\000P\000r\000o\000p\000e\000r\000t\000y\000\040\000a\000n\000d\000\040\000U\000n\000i\000q\000u\000e\000n\000e\000s\000s}{subsection.2.4}% 16
\BOOKMARK [3][-]{subsubsection.2.4.3}{\376\377\000A\000d\000j\000u\000n\000c\000t\000i\000o\000n\000\040\000S\000p\000a\000c\000e\000s}{subsection.2.4}% 17
\BOOKMARK [2][-]{subsection.2.5}{\376\377\000T\000o\000p\000o\000l\000o\000g\000i\000c\000a\000l\000\040\000G\000r\000o\000u\000p\000s\000\040\000a\000n\000d\000\040\000G\000r\000o\000u\000p\000\040\000A\000c\000t\000i\000o\000n\000s}{section.2}% 18
\BOOKMARK [1][-]{section.3}{\376\377\000C\000o\000n\000n\000e\000c\000t\000e\000d\000n\000e\000s\000s\000\040\000a\000n\000d\000\040\000C\000o\000m\000p\000a\000c\000t\000n\000e\000s\000s}{}% 19
\BOOKMARK [2][-]{subsection.3.1}{\376\377\000C\000o\000n\000n\000e\000c\000t\000e\000d\000n\000e\000s\000s}{section.3}% 20
