\BOOKMARK [1][-]{section.1}{\376\377\000J\000a\000n\000u\000a\000r\000y\000\040\0002\0003\000\040\000-\000\040\000C\000l\000a\000s\000s\000i\000c\000a\000l\000\040\000M\000e\000c\000h\000a\000n\000i\000c\000s\000\040\000R\000e\000v\000i\000e\000w\000,\000\040\000L\000i\000n\000e\000a\000r\000\040\000A\000l\000g\000e\000b\000r\000a}{}% 1
\BOOKMARK [2][-]{subsection.1.1}{\376\377\000L\000i\000n\000e\000a\000r\000\040\000A\000l\000g\000e\000b\000r\000a}{section.1}% 2
\BOOKMARK [3][-]{subsubsection.1.1.1}{\376\377\000V\000e\000c\000t\000o\000r\000\040\000S\000p\000a\000c\000e\000s}{subsection.1.1}% 3
\BOOKMARK [3][-]{subsubsection.1.1.2}{\376\377\000S\000u\000b\000s\000p\000a\000c\000e\000s}{subsection.1.1}% 4
\BOOKMARK [3][-]{subsubsection.1.1.3}{\376\377\000L\000i\000n\000e\000a\000r\000\040\000M\000a\000p}{subsection.1.1}% 5
\BOOKMARK [3][-]{subsubsection.1.1.4}{\376\377\000I\000n\000j\000e\000c\000t\000i\000v\000i\000t\000y\000,\000\040\000S\000u\000r\000j\000e\000c\000t\000i\000v\000i\000t\000y\000,\000\040\000e\000t\000c\000.}{subsection.1.1}% 6
\BOOKMARK [3][-]{subsubsection.1.1.5}{\376\377\000L\000i\000n\000e\000a\000r\000\040\000F\000u\000n\000c\000t\000i\000o\000n\000a\000l\000s\000,\000\040\000I\000n\000n\000e\000r\000\040\000P\000r\000o\000d\000u\000c\000t\000s}{subsection.1.1}% 7
\BOOKMARK [3][-]{subsubsection.1.1.6}{\376\377\000S\000p\000e\000c\000t\000r\000a\000l\000\040\000T\000h\000e\000o\000r\000e\000m\000\040\000f\000o\000r\000\040\000S\000e\000l\000f\000-\000A\000d\000j\000o\000i\000n\000t\000\040\000O\000p\000e\000r\000a\000t\000o\000r\000s}{subsection.1.1}% 8
\BOOKMARK [3][-]{subsubsection.1.1.7}{\376\377\000T\000e\000n\000s\000o\000r\000s}{subsection.1.1}% 9
\BOOKMARK [1][-]{section.2}{\376\377\000J\000a\000n\000u\000a\000r\000y\000\040\0002\0005\000\040\000-\000\040\000A\000l\000g\000e\000b\000r\000a\000,\000\040\000G\000r\000o\000u\000p\000\040\000T\000h\000e\000o\000r\000y}{}% 10
\BOOKMARK [2][-]{subsection.2.1}{\376\377\000R\000e\000v\000i\000s\000i\000t\000i\000n\000g\000\040\000v\000e\000c\000t\000o\000r\000\040\000s\000p\000a\000c\000e\000s\000,\000\040\000d\000u\000a\000l\000s\000,\000\040\000a\000n\000d\000\040\000t\000e\000n\000s\000o\000r\000s}{section.2}% 11
\BOOKMARK [2][-]{subsection.2.2}{\376\377\000G\000r\000o\000u\000p\000\040\000T\000h\000e\000o\000r\000y}{section.2}% 12
\BOOKMARK [3][-]{subsubsection.2.2.1}{\376\377\000S\000u\000b\000g\000r\000o\000u\000p}{subsection.2.2}% 13
\BOOKMARK [3][-]{subsubsection.2.2.2}{\376\377\000C\000o\000s\000e\000t}{subsection.2.2}% 14
\BOOKMARK [3][-]{subsubsection.2.2.3}{\376\377\000L\000a\000g\000r\000a\000n\000g\000e\000'\000s\000\040\000T\000h\000e\000o\000r\000e\000m}{subsection.2.2}% 15
\BOOKMARK [3][-]{subsubsection.2.2.4}{\376\377\000N\000o\000r\000m\000a\000l\000\040\000s\000u\000b\000g\000r\000o\000u\000p\000s}{subsection.2.2}% 16
\BOOKMARK [3][-]{subsubsection.2.2.5}{\376\377\000Q\000u\000o\000t\000i\000e\000n\000t\000\040\000G\000r\000o\000u\000p\000s}{subsection.2.2}% 17
\BOOKMARK [2][-]{subsection.2.3}{\376\377\000G\000r\000o\000u\000p\000\040\000H\000o\000m\000o\000m\000o\000r\000p\000h\000i\000s\000m\000s}{section.2}% 18
\BOOKMARK [2][-]{subsection.2.4}{\376\377\000K\000e\000r\000n\000e\000l\000,\000\040\000I\000m\000a\000g\000e\000,\000\040\000a\000n\000d\000\040\000t\000h\000e\000\040\000F\000i\000r\000s\000t\000\040\000I\000s\000o\000m\000o\000r\000p\000h\000i\000s\000m\000\040\000T\000h\000e\000o\000r\000e\000m\000:}{section.2}% 19
\BOOKMARK [2][-]{subsection.2.5}{\376\377\000F\000u\000n\000d\000a\000m\000e\000n\000t\000a\000l\000\040\000G\000r\000o\000u\000p}{section.2}% 20
\BOOKMARK [1][-]{section.3}{\376\377\000J\000a\000n\000u\000a\000r\000y\000\040\0003\0000\000\040\000-\000\040\000P\000o\000i\000n\000t\000\040\000s\000e\000t\000\040\000T\000o\000p\000o\000l\000o\000g\000y}{}% 21
\BOOKMARK [2][-]{subsection.3.1}{\376\377\000W\000h\000a\000t\000\040\000i\000s\000\040\000a\000\040\000T\000o\000p\000o\000l\000o\000g\000i\000c\000a\000l\000\040\000S\000p\000a\000c\000e\000?}{section.3}% 22
\BOOKMARK [2][-]{subsection.3.2}{\376\377\000O\000p\000e\000n\000n\000e\000s\000s\000\040\000a\000n\000d\000\040\000C\000l\000o\000s\000e\000d\000n\000e\000s\000s}{section.3}% 23
\BOOKMARK [2][-]{subsection.3.3}{\376\377\000B\000u\000i\000l\000d\000i\000n\000g\000\040\000n\000e\000w\000\040\000t\000o\000p\000o\000l\000o\000g\000i\000e\000s\000\040\000o\000u\000t\000\040\000o\000f\000\040\000o\000l\000d\000\040\000o\000n\000e\000s}{section.3}% 24
\BOOKMARK [3][-]{subsubsection.3.3.1}{\376\377\000S\000u\000b\000s\000p\000a\000c\000e\000\040\000T\000o\000p\000o\000l\000o\000g\000y}{subsection.3.3}% 25
\BOOKMARK [3][-]{subsubsection.3.3.2}{\376\377\000Q\000u\000o\000t\000i\000e\000n\000t\000\040\000T\000o\000p\000o\000l\000o\000g\000y}{subsection.3.3}% 26
\BOOKMARK [3][-]{subsubsection.3.3.3}{\376\377\000P\000r\000o\000d\000u\000c\000t\000\040\000T\000o\000p\000o\000l\000o\000g\000y}{subsection.3.3}% 27
\BOOKMARK [2][-]{subsection.3.4}{\376\377\000S\000e\000q\000u\000e\000n\000c\000e\000s\000\040\000a\000n\000d\000\040\000C\000o\000n\000v\000e\000r\000g\000e\000n\000c\000e}{section.3}% 28
\BOOKMARK [2][-]{subsection.3.5}{\376\377\000C\000l\000a\000s\000s\000i\000f\000i\000c\000a\000t\000i\000o\000n\000\040\000o\000f\000\040\000T\000o\000p\000o\000l\000o\000g\000i\000c\000a\000l\000\040\000S\000p\000a\000c\000e\000s}{section.3}% 29
\BOOKMARK [2][-]{subsection.3.6}{\376\377\000C\000o\000v\000e\000r\000s\000,\000\040\000C\000o\000m\000p\000a\000c\000t\000n\000e\000s\000s\000,\000\040\000a\000n\000d\000\040\000m\000o\000r\000e}{section.3}% 30
\BOOKMARK [2][-]{subsection.3.7}{\376\377\000M\000a\000n\000i\000f\000o\000l\000d\000s}{section.3}% 31
\BOOKMARK [1][-]{section.4}{\376\377\000F\000e\000b\000r\000u\000a\000r\000y\000\040\0001\000\040\000-\000\040\000P\000r\000o\000p\000e\000r\000t\000i\000e\000s\000\040\000o\000f\000\040\000T\000o\000p\000o\000l\000o\000g\000i\000c\000a\000l\000\040\000S\000p\000a\000c\000e\000s}{}% 32
\BOOKMARK [2][-]{subsection.4.1}{\376\377\000P\000a\000t\000h\000-\000C\000o\000n\000n\000e\000c\000t\000e\000d\000n\000e\000s\000s}{section.4}% 33
\BOOKMARK [2][-]{subsection.4.2}{\376\377\000B\000o\000u\000n\000d\000a\000r\000y}{section.4}% 34
\BOOKMARK [2][-]{subsection.4.3}{\376\377\000Q\000u\000o\000t\000i\000e\000n\000t\000\040\000T\000o\000p\000o\000l\000o\000g\000i\000c\000a\000l\000\040\000S\000p\000a\000c\000e\000s}{section.4}% 35
\BOOKMARK [2][-]{subsection.4.4}{\376\377\000O\000r\000i\000e\000n\000t\000a\000t\000i\000o\000n}{section.4}% 36
\BOOKMARK [2][-]{subsection.4.5}{\376\377\000C\000o\000n\000n\000e\000c\000t\000e\000d\000\040\000S\000u\000m}{section.4}% 37
\BOOKMARK [1][-]{section.5}{\376\377\000F\000e\000b\000r\000u\000a\000r\000y\000\040\0006\000\040\000-\000\040}{}% 38
\BOOKMARK [2][-]{subsection.5.1}{\376\377\000C\000e\000l\000l\000\040\000C\000o\000m\000p\000l\000e\000x}{section.5}% 39
\BOOKMARK [2][-]{subsection.5.2}{\376\377\000N\000e\000x\000t\000\040\000T\000i\000m\000e}{section.5}% 40
\BOOKMARK [1][-]{section.6}{\376\377\000F\000e\000b\000u\000r\000a\000r\000y\000\040\0008\000\040\000-\000\040\000S\000t\000a\000r\000t\000i\000n\000g\000\040\000o\000f\000f\000\040\000w\000i\000t\000h\000\040\000A\000l\000g\000e\000b\000r\000a\000i\000c\000\040\000T\000o\000p\000l\000o\000g\000y\000!}{}% 41
\BOOKMARK [2][-]{subsection.6.1}{\376\377\000R\000e\000c\000a\000p\000\040\000o\000f\000\040\000t\000h\000e\000\040\000p\000a\000s\000t}{section.6}% 42
\BOOKMARK [2][-]{subsection.6.2}{\376\377\000A\000l\000g\000.\000\040\000T\000o\000p\000.\000\040\000A\000t\000.\000\040\000L\000a\000s\000t\000.}{section.6}% 43
\BOOKMARK [2][-]{subsection.6.3}{\376\377\000T\000o\000p\000o\000l\000o\000g\000i\000c\000a\000l\000\040\000I\000n\000v\000a\000r\000i\000a\000n\000t\000s}{section.6}% 44
\BOOKMARK [2][-]{subsection.6.4}{\376\377\000F\000u\000n\000d\000a\000m\000e\000n\000t\000a\000l\000\040\000G\000r\000o\000u\000p}{section.6}% 45
\BOOKMARK [3][-]{subsubsection.6.4.1}{\376\377\000F\000u\000n\000d\000a\000m\000e\000n\000t\000a\000l\000\040\000G\000r\000o\000u\000p\000\040\000o\000f\000\040\000t\000h\000e\000\040\000C\000i\000r\000c\000l\000e}{subsection.6.4}% 46
\BOOKMARK [2][-]{subsection.6.5}{\376\377\000F\000u\000n\000d\000a\000m\000e\000n\000t\000a\000l\000\040\000G\000r\000o\000u\000p\000\040\000o\000f\000\040\000a\000\040\000T\000o\000r\000u\000s}{section.6}% 47
\BOOKMARK [2][-]{subsection.6.6}{\376\377\000F\000u\000n\000d\000a\000m\000e\000n\000t\000a\000l\000\040\000G\000r\000o\000u\000p\000\040\000o\000f\000\040\000a\000\040\000W\000e\000d\000g\000e\000\040\000S\000u\000m\000:\000\040\000S\0001\000\040\000S\0001}{section.6}% 48
\BOOKMARK [1][-]{section.7}{\376\377\000F\000e\000b\000r\000u\000a\000r\000y\000\040\0001\0003\000\040\000-\000\040}{}% 49
\BOOKMARK [2][-]{subsection.7.1}{\376\377\000L\000e\000n\000s\000\040\000s\000p\000a\000c\000e\000s}{section.7}% 50
\BOOKMARK [2][-]{subsection.7.2}{\376\377\000I\000n\000d\000u\000c\000e\000d\000\040\000H\000o\000m\000o\000m\000o\000r\000p\000h\000i\000s\000m\000s}{section.7}% 51
\BOOKMARK [2][-]{subsection.7.3}{\376\377\000C\000o\000v\000e\000r\000i\000n\000g\000\040\000S\000p\000a\000c\000e\000s\000\040\000a\000n\000d\000\040\000M\000a\000p\000s}{section.7}% 52
\BOOKMARK [2][-]{subsection.7.4}{\376\377\000C\000W\000\040\000C\000o\000m\000p\000l\000e\000x\000e\000s}{section.7}% 53
\BOOKMARK [2][-]{subsection.7.5}{\376\377\000L\000i\000m\000i\000t\000a\000t\000i\000o\000n\000s\000\040\000o\000f\000\040\000t\000h\000e\000\040\000F\000u\000n\000d\000a\000m\000e\000n\000t\000a\000l\000\040\000G\000r\000o\000u\000p}{section.7}% 54
\BOOKMARK [2][-]{subsection.7.6}{\376\377\000S\000u\000m\000m\000a\000r\000y\000\040\000o\000f\000\040\000H\000o\000m\000o\000t\000o\000p\000y}{section.7}% 55
\BOOKMARK [1][-]{section.8}{\376\377\000F\000e\000b\000r\000u\000a\000r\000y\000\040\0001\0005\000\040\000-\000\040\000S\000o\000m\000e\000\040\000P\000h\000y\000s\000i\000c\000s\000\040\000a\000p\000p\000l\000i\000c\000a\000t\000i\000o\000n\000s}{}% 56
\BOOKMARK [2][-]{subsection.8.1}{\376\377\000O\000u\000t\000l\000i\000n\000e\000\040\000f\000o\000r\000\040\000t\000o\000d\000a\000y}{section.8}% 57
\BOOKMARK [2][-]{subsection.8.2}{\376\377\000P\000h\000a\000s\000e\000s\000\040\000o\000f\000\040\000M\000a\000t\000t\000e\000r}{section.8}% 58
\BOOKMARK [2][-]{subsection.8.3}{\376\377\000H\000e\000i\000s\000e\000n\000b\000e\000r\000g\000\040\000H\000a\000m\000i\000l\000t\000o\000n\000i\000a\000n\000\040\000a\000n\000d\000\040\000S\000y\000m\000m\000e\000t\000r\000y\000\040\000B\000r\000e\000a\000k\000i\000n\000g}{section.8}% 59
\BOOKMARK [1][-]{section.9}{\376\377\000F\000e\000b\000r\000u\000a\000r\000y\000\040\0002\0000\000\040\000-\000\040\000H\000o\000m\000o\000l\000o\000g\000y\000\040\000a\000n\000d\000\040\000o\000t\000h\000e\000r\000\040\000f\000u\000n\000\040\000s\000t\000u\000f\000f\000!}{}% 60
\BOOKMARK [2][-]{subsection.9.1}{\376\377\000S\000i\000m\000p\000l\000i\000c\000i\000a\000l\000\040\000H\000o\000m\000o\000l\000o\000g\000y}{section.9}% 61
\BOOKMARK [2][-]{subsection.9.2}{\376\377\000S\000o\000m\000e\000\040\000u\000s\000e\000f\000u\000l\000\040\000h\000o\000m\000o\000l\000o\000g\000y\000\040\000c\000a\000l\000c\000u\000l\000a\000t\000i\000o\000n\000s}{section.9}% 62
\BOOKMARK [2][-]{subsection.9.3}{\376\377\000S\000o\000m\000e\000\040\000p\000r\000o\000p\000e\000r\000t\000i\000e\000s\000\040\000o\000f\000\040\000H\000o\000m\000o\000l\000o\000g\000y\000\040\000G\000r\000o\000u\000p\000s}{section.9}% 63
\BOOKMARK [1][-]{section.10}{\376\377\000F\000e\000b\000r\000u\000a\000r\000y\000\040\0002\0002\000\040\000-\000\040\000A\000p\000p\000l\000i\000c\000a\000t\000i\000o\000n\000s\000\040\000o\000f\000\040\000H\000o\000m\000o\000l\000o\000g\000y}{}% 64
\BOOKMARK [2][-]{subsection.10.1}{\376\377\000H\000o\000m\000o\000l\000o\000g\000y\000\040\000o\000f\000\040\000S\000n}{section.10}% 65
\BOOKMARK [2][-]{subsection.10.2}{\376\377\000H\000o\000m\000o\000l\000o\000g\000y\000\040\000o\000f\000\040\000R\000P\0002}{section.10}% 66
\BOOKMARK [2][-]{subsection.10.3}{\376\377\000F\000o\000r\000m\000a\000l\000\040\000P\000r\000o\000p\000e\000r\000t\000i\000e\000s\000\040\000o\000f\000\040\000H\000o\000m\000o\000l\000o\000g\000i\000e\000s}{section.10}% 67
\BOOKMARK [2][-]{subsection.10.4}{\376\377\000I\000d\000e\000n\000t\000i\000c\000a\000l\000\040\000P\000a\000r\000t\000i\000c\000l\000e\000s}{section.10}% 68
\BOOKMARK [1][-]{section.11}{\376\377\000F\000e\000b\000r\000u\000a\000r\000y\000\040\0002\0007\000\040\000-\000\040\000S\000t\000a\000r\000t\000i\000n\000g\000\040\000o\000f\000f\000\040\000w\000i\000t\000h\000\040\000D\000i\000f\000f\000e\000r\000e\000n\000t\000i\000a\000l\000\040\000G\000e\000o\000m\000e\000t\000r\000y\000!}{}% 69
\BOOKMARK [2][-]{subsection.11.1}{\376\377\000D\000i\000f\000f\000e\000r\000e\000n\000t\000i\000a\000b\000l\000e\000\040\000M\000a\000n\000i\000n\000f\000o\000l\000d\000s}{section.11}% 70
\BOOKMARK [2][-]{subsection.11.2}{\376\377\000D\000i\000f\000f\000e\000o\000m\000o\000r\000p\000h\000i\000s\000m\000s}{section.11}% 71
\BOOKMARK [2][-]{subsection.11.3}{\376\377\000S\000c\000a\000l\000a\000r\000\040\000F\000i\000e\000l\000d\000s\000\040\000o\000n\000\040\000S\000m\000o\000o\000t\000h\000\040\000M\000a\000n\000i\000f\000o\000l\000d\000s}{section.11}% 72
\BOOKMARK [2][-]{subsection.11.4}{\376\377\000T\000a\000n\000g\000e\000n\000t\000\040\000a\000n\000d\000\040\000C\000o\000t\000a\000n\000g\000e\000n\000t\000\040\000S\000p\000a\000c\000e\000s}{section.11}% 73
\BOOKMARK [1][-]{section.12}{\376\377\000F\000e\000b\000\040\0002\0009\000\040\000-\000\040}{}% 74
\BOOKMARK [2][-]{subsection.12.1}{\376\377\000B\000u\000n\000d\000l\000e\000s}{section.12}% 75
\BOOKMARK [2][-]{subsection.12.2}{\376\377\000S\000e\000c\000t\000i\000o\000n\000s}{section.12}% 76
\BOOKMARK [2][-]{subsection.12.3}{\376\377\000T\000a\000n\000g\000e\000n\000t\000\040\000B\000u\000n\000d\000l\000e}{section.12}% 77
\BOOKMARK [1][-]{section.13}{\376\377\000M\000a\000r\000c\000h\000\040\0005\000\040\000-\000\040\000F\000o\000r\000m\000s\000\040\000a\000n\000d\000\040\000E\000x\000t\000e\000r\000i\000o\000r\000\040\000A\000l\000g\000e\000b\000r\000a}{}% 78
\BOOKMARK [2][-]{subsection.13.1}{\376\377\000p\000-\000f\000o\000r\000m\000s}{section.13}% 79
\BOOKMARK [2][-]{subsection.13.2}{\376\377\000P\000r\000o\000p\000e\000r\000t\000i\000e\000s\000\040\000o\000f\000\040\000p\000-\000f\000o\000r\000m\000s}{section.13}% 80
\BOOKMARK [2][-]{subsection.13.3}{\376\377\000G\000e\000n\000e\000r\000a\000l\000\040\000T\000e\000n\000s\000o\000r\000\040\000P\000r\000o\000d\000u\000c\000t}{section.13}% 81
\BOOKMARK [2][-]{subsection.13.4}{\376\377\000P\000r\000o\000p\000e\000r\000t\000i\000e\000s\000\040\000o\000f\000\040\000t\000h\000e\000\040\000E\000x\000t\000e\000r\000i\000o\000r\000\040\000P\000r\000o\000d\000u\000c\000t}{section.13}% 82
\BOOKMARK [2][-]{subsection.13.5}{\376\377\000T\000e\000n\000s\000o\000r\000\040\000B\000a\000s\000i\000s}{section.13}% 83
\BOOKMARK [2][-]{subsection.13.6}{\376\377\000E\000x\000t\000e\000r\000i\000o\000r\000\040\000A\000l\000g\000e\000b\000r\000a}{section.13}% 84
\BOOKMARK [2][-]{subsection.13.7}{\376\377\000R\000a\000n\000d\000o\000m\000\040\000J\000u\000m\000p\000:\000\040\000C\000a\000t\000e\000g\000o\000r\000y\000\040\000T\000h\000e\000o\000r\000y\000!}{section.13}% 85
