\BOOKMARK [1][-]{section.1}{\376\377\000J\000a\000n\000u\000a\000r\000y\000\040\0002\0002\000,\000\040\0002\0000\0002\0005\000:}{}% 1
\BOOKMARK [2][-]{subsection.1.1}{\376\377\000R\000e\000v\000i\000e\000w\000:\000\040\000T\000h\000e\000\040\000T\000i\000g\000h\000t\000\040\000B\000i\000n\000d\000i\000n\000g\000\040\000m\000o\000d\000e\000l}{section.1}% 2
\BOOKMARK [2][-]{subsection.1.2}{\376\377\000R\000e\000v\000i\000e\000w\000:\000\040\000B\000l\000o\000c\000h\000'\000s\000\040\000T\000h\000e\000o\000r\000e\000m}{section.1}% 3
\BOOKMARK [2][-]{subsection.1.3}{\376\377\000S\000S\000H\000\040\000M\000o\000d\000e\000l}{section.1}% 4
\BOOKMARK [1][-]{section.2}{\376\377\000J\000a\000n\000u\000a\000r\000y\000\040\0002\0004\000,\000\040\0002\0000\0002\0005\000:}{}% 5
\BOOKMARK [2][-]{subsection.2.1}{\376\377\000W\000h\000a\000t\000\040\000i\000s\000\040\000t\000h\000e\000\040\000"\000P\000s\000e\000u\000d\000o\000s\000p\000i\000n\000"\000\040\000r\000e\000p\000r\000e\000s\000e\000n\000t\000a\000t\000i\000o\000n\000?}{section.2}% 6
\BOOKMARK [1][-]{section.3}{\376\377\000J\000a\000n\000u\000a\000r\000y\000\040\0002\0007\000,\000\040\0002\0000\0002\0005\000:}{}% 7
\BOOKMARK [1][-]{section.4}{\376\377\000J\000a\000n\000u\000a\000r\000y\000\040\0002\0009\000,\000\040\0002\0000\0002\0005\000:}{}% 8
\BOOKMARK [2][-]{subsection.4.1}{\376\377\000A\000r\000e\000\040\000t\000h\000e\000r\000e\000\040\000o\000b\000s\000e\000r\000v\000a\000b\000l\000e\000\040\000c\000o\000n\000s\000e\000q\000u\000e\000n\000c\000e\000s\000?}{section.4}% 9
\BOOKMARK [2][-]{subsection.4.2}{\376\377\000B\000o\000u\000n\000d\000a\000r\000y\000\040\000s\000t\000a\000t\000e\000s\000\040\000f\000r\000o\000m\000\040\000a\000n\000o\000t\000h\000e\000r\000\040\000p\000e\000r\000s\000p\000e\000c\000t\000i\000v\000e}{section.4}% 10
\BOOKMARK [1][-]{section.5}{\376\377\000J\000a\000n\000a\000r\000y\000\040\0003\0001\000,\000\040\0002\0000\0002\0005\000:}{}% 11
\BOOKMARK [1][-]{section.6}{\376\377\000F\000e\000b\000r\000u\000a\000r\000y\000\040\0003\000,\000\040\0002\0000\0002\0005\000:}{}% 12
\BOOKMARK [2][-]{subsection.6.1}{\376\377\000P\000a\000r\000a\000l\000l\000e\000l\000\040\000T\000r\000a\000n\000s\000p\000o\000r\000t\000\040\000G\000a\000u\000g\000e}{section.6}% 13
\BOOKMARK [2][-]{subsection.6.2}{\376\377\000T\000w\000i\000s\000t\000e\000d\000\040\000P\000a\000r\000a\000l\000l\000e\000l\000\040\000T\000r\000a\000n\000s\000p\000o\000r\000t\000\040\000G\000a\000u\000g\000e}{section.6}% 14
\BOOKMARK [1][-]{section.7}{\376\377\000F\000e\000b\000r\000u\000a\000r\000y\000\040\0005\000,\000\040\0002\0000\0002\0005\000:}{}% 15
\BOOKMARK [2][-]{subsection.7.1}{\376\377\000C\000o\000n\000t\000i\000n\000u\000o\000u\000s\000\040\000F\000o\000r\000m\000u\000l\000a\000t\000i\000o\000n\000\040\000o\000f\000\040\000t\000h\000e\000\040\000B\000e\000r\000r\000y\000\040\000C\000o\000n\000n\000e\000c\000t\000i\000o\000n}{section.7}% 16
\BOOKMARK [2][-]{subsection.7.2}{\376\377\000I\000n\000\040\000t\000h\000e\000\040\000P\000a\000r\000a\000l\000l\000e\000l\000\040\000T\000r\000a\000n\000s\000p\000o\000r\000t\000\040\000G\000a\000u\000g\000e\000.\000.\000.}{section.7}% 17
\BOOKMARK [2][-]{subsection.7.3}{\376\377\000I\000n\000\040\000t\000h\000e\000\040\000T\000w\000i\000s\000t\000e\000d\000\040\000P\000a\000r\000a\000l\000l\000e\000l\000\040\000T\000r\000a\000n\000s\000p\000o\000r\000t\000\040\000G\000a\000u\000g\000e\000.\000.\000.}{section.7}% 18
\BOOKMARK [2][-]{subsection.7.4}{\376\377\000P\000h\000y\000s\000i\000c\000a\000l\000\040\000E\000f\000f\000e\000c\000t\000s\000\040\000o\000f\000\040\000N\000o\000n\000-\000t\000r\000i\000v\000i\000a\000l\000\040\000B\000e\000r\000r\000y\000'\000s\000\040\000P\000h\000a\000s\000e}{section.7}% 19
\BOOKMARK [1][-]{section.8}{\376\377\000F\000e\000b\000r\000u\000a\000r\000y\000\040\0001\0000\000,\000\040\0002\0000\0002\0005\000:}{}% 20
\BOOKMARK [2][-]{subsection.8.1}{\376\377\000S\000p\000i\000n\000\040\0001\0002\000\040\000p\000a\000r\000t\000i\000c\000l\000e\000\040\000i\000n\000\040\000a\000\040\000m\000a\000g\000n\000e\000t\000i\000c\000\040\000f\000i\000e\000l\000d\000\040\000B}{section.8}% 21
\BOOKMARK [2][-]{subsection.8.2}{\376\377\000C\000a\000l\000c\000u\000l\000a\000t\000i\000n\000g\000\040\000t\000h\000e\000\040\000B\000e\000r\000r\000y\000'\000s\000\040\000P\000h\000a\000s\000e}{section.8}% 22
\BOOKMARK [2][-]{subsection.8.3}{\376\377\000G\000e\000n\000e\000r\000a\000l\000i\000z\000a\000t\000i\000o\000n\000\040\000t\000o\000\040\000C\000o\000n\000t\000i\000n\000u\000o\000u\000s\000\040\000W\000a\000v\000e\000f\000u\000n\000c\000t\000i\000o\000n\000s\000:\000\040\000B\000e\000r\000r\000y\000\040\000C\000u\000r\000v\000a\000t\000u\000r\000e}{section.8}% 23
\BOOKMARK [1][-]{section.9}{\376\377\000F\000e\000b\000r\000u\000a\000r\000y\000\040\0001\0002\000,\000\040\0002\0000\0002\0005\000:}{}% 24
\BOOKMARK [1][-]{section.10}{\376\377\000F\000e\000b\000r\000u\000a\000r\000y\000\040\0001\0004\000,\000\040\0002\0000\0002\0005\000:}{}% 25
\BOOKMARK [2][-]{subsection.10.1}{\376\377\000B\000e\000r\000r\000y\000\040\000P\000h\000a\000s\000e\000\040\000o\000n\000\040\000a\000\040\000c\000y\000l\000i\000n\000d\000e\000r}{section.10}% 26
\BOOKMARK [2][-]{subsection.10.2}{\376\377\000B\000e\000r\000r\000y\000\040\000P\000h\000a\000s\000e\000\040\000o\000n\000\040\000a\000\040\000T\000o\000r\000u\000s}{section.10}% 27
\BOOKMARK [2][-]{subsection.10.3}{\376\377\000I\000n\000t\000e\000g\000r\000a\000t\000i\000n\000g\000\040\000o\000v\000e\000r\000\040\000a\000\040\000B\000r\000i\000l\000l\000o\000u\000i\000n\000\040\000Z\000o\000n\000e}{section.10}% 28
\BOOKMARK [1][-]{section.11}{\376\377\000F\000e\000b\000r\000u\000a\000r\000y\000\040\0001\0007\000,\000\040\0002\0000\0002\0005\000:\000\040\000N\000o\000\040\000l\000e\000c\000t\000u\000r\000e}{}% 29
\BOOKMARK [1][-]{section.12}{\376\377\000W\000a\000t\000c\000h\000\040\000r\000e\000c\000o\000r\000d\000e\000d\000\040\000l\000e\000c\000t\000u\000r\000e}{}% 30
\BOOKMARK [1][-]{section.13}{\376\377\000W\000a\000t\000c\000h\000\040\000r\000e\000c\000o\000r\000d\000e\000d\000\040\000l\000e\000c\000t\000u\000r\000e}{}% 31
\BOOKMARK [1][-]{section.14}{\376\377\000F\000e\000b\000r\000u\000a\000r\000y\000\040\0002\0004\000,\000\040\0002\0000\0002\0005\000:}{}% 32
\BOOKMARK [2][-]{subsection.14.1}{\376\377\000S\000y\000m\000m\000e\000t\000r\000i\000e\000s\000\040\000o\000f\000\040\000G\000r\000a\000p\000h\000e\000n\000e}{section.14}% 33
\BOOKMARK [2][-]{subsection.14.2}{\376\377\000T\000h\000e\000\040\000G\000r\000a\000p\000h\000e\000n\000e\000\040\000H\000a\000m\000i\000l\000t\000o\000n\000i\000a\000n}{section.14}% 34
\BOOKMARK [2][-]{subsection.14.3}{\376\377\000T\000i\000m\000e\000-\000R\000e\000v\000e\000r\000s\000a\000l}{section.14}% 35
\BOOKMARK [2][-]{subsection.14.4}{\376\377\000I\000n\000v\000e\000r\000s\000i\000o\000n\000\040\000S\000y\000m\000m\000e\000t\000r\000y}{section.14}% 36
\BOOKMARK [2][-]{subsection.14.5}{\376\377\000C\000h\000i\000r\000a\000l\000\040\000S\000y\000m\000m\000e\000t\000r\000y}{section.14}% 37
\BOOKMARK [2][-]{subsection.14.6}{\376\377\000B\000e\000r\000r\000y\000\040\000P\000h\000a\000s\000e\000s\000\040\000i\000n\000\040\000G\000r\000a\000p\000h\000e\000n\000e}{section.14}% 38
\BOOKMARK [2][-]{subsection.14.7}{\376\377\000G\000r\000a\000p\000h\000e\000n\000e\000'\000s\000\040\000E\000i\000g\000e\000n\000s\000t\000a\000t\000e\000s}{section.14}% 39
